<?xml version="1.0" encoding="UTF-8"?>
<coverage generated="1565901130054" clover="3.2.0">
  <project timestamp="1565901130054" name="All files">
    <metrics statements="55" coveredstatements="55" conditionals="42" coveredconditionals="42" methods="11" coveredmethods="10" elements="108" coveredelements="107" complexity="0" loc="55" ncloc="55" packages="2" files="2" classes="2"/>
    <package name="parse-bash">
      <metrics statements="2" coveredstatements="2" conditionals="0" coveredconditionals="0" methods="1" coveredmethods="1"/>
      <file name="apiKeys.js" path="/Users/marcsmith/MMProjects/109 PCBash/parse-bash/apiKeys.js">
        <metrics statements="2" coveredstatements="2" conditionals="0" coveredconditionals="0" methods="1" coveredmethods="1"/>
        <line num="1" count="1" type="stmt"/>
        <line num="2" count="1" type="stmt"/>
      </file>
    </package>
    <package name="parse-bash.src">
      <metrics statements="53" coveredstatements="53" conditionals="42" coveredconditionals="42" methods="10" coveredmethods="9"/>
      <file name="PCBash.js" path="/Users/marcsmith/MMProjects/109 PCBash/parse-bash/src/PCBash.js">
        <metrics statements="53" coveredstatements="53" conditionals="42" coveredconditionals="42" methods="10" coveredmethods="9"/>
        <line num="2" count="7" type="stmt"/>
        <line num="10" count="3" type="stmt"/>
        <line num="12" count="3" type="cond" truecount="2" falsecount="0"/>
        <line num="13" count="1" type="stmt"/>
        <line num="16" count="3" type="stmt"/>
        <line num="18" count="3" type="stmt"/>
        <line num="20" count="3" type="stmt"/>
        <line num="24" count="34" type="stmt"/>
        <line num="25" count="34" type="stmt"/>
        <line num="27" count="29" type="stmt"/>
        <line num="29" count="5" type="stmt"/>
        <line num="35" count="20" type="cond" truecount="4" falsecount="0"/>
        <line num="36" count="9" type="stmt"/>
        <line num="39" count="11" type="stmt"/>
        <line num="41" count="11" type="stmt"/>
        <line num="43" count="10" type="stmt"/>
        <line num="47" count="8" type="cond" truecount="4" falsecount="0"/>
        <line num="50" count="3" type="stmt"/>
        <line num="53" count="5" type="stmt"/>
        <line num="55" count="5" type="cond" truecount="2" falsecount="0"/>
        <line num="56" count="2" type="stmt"/>
        <line num="59" count="5" type="cond" truecount="4" falsecount="0"/>
        <line num="60" count="2" type="stmt"/>
        <line num="63" count="3" type="stmt"/>
        <line num="64" count="3" type="stmt"/>
        <line num="67" count="3" type="stmt"/>
        <line num="69" count="3" type="stmt"/>
        <line num="71" count="3" type="stmt"/>
        <line num="74" count="1" type="stmt"/>
        <line num="76" count="1" type="stmt"/>
        <line num="78" count="1" type="stmt"/>
        <line num="83" count="14" type="cond" truecount="11" falsecount="0"/>
        <line num="93" count="10" type="stmt"/>
        <line num="96" count="4" type="stmt"/>
        <line num="98" count="4" type="stmt"/>
        <line num="100" count="1" type="stmt"/>
        <line num="104" count="9" type="stmt"/>
        <line num="106" count="9" type="stmt"/>
        <line num="107" count="9" type="stmt"/>
        <line num="109" count="5" type="stmt"/>
        <line num="111" count="4" type="cond" truecount="2" falsecount="0"/>
        <line num="112" count="1" type="stmt"/>
        <line num="115" count="3" type="stmt"/>
        <line num="121" count="14" type="cond" truecount="11" falsecount="0"/>
        <line num="131" count="10" type="stmt"/>
        <line num="134" count="4" type="stmt"/>
        <line num="136" count="4" type="stmt"/>
        <line num="138" count="1" type="stmt"/>
        <line num="142" count="5" type="stmt"/>
        <line num="144" count="2" type="cond" truecount="2" falsecount="0"/>
        <line num="145" count="1" type="stmt"/>
        <line num="148" count="1" type="stmt"/>
        <line num="153" count="7" type="stmt"/>
      </file>
    </package>
  </project>
</coverage>
