{"/Users/marcsmith/MMProjects/109 PCBash/parse-bash/apiKeys.js": {"path":"/Users/marcsmith/MMProjects/109 PCBash/parse-bash/apiKeys.js","statementMap":{"0":{"start":{"line":1,"column":0},"end":{"line":3,"column":2}},"1":{"start":{"line":2,"column":1},"end":{"line":2,"column":174}}},"fnMap":{"0":{"name":"(anonymous_0)","decl":{"start":{"line":1,"column":17},"end":{"line":1,"column":18}},"loc":{"start":{"line":1,"column":28},"end":{"line":3,"column":1}},"line":1}},"branchMap":{},"s":{"0":1,"1":1},"f":{"0":1},"b":{},"_coverageSchema":"43e27e138ebf9cfc5966b082cf9a028302ed4184","hash":"8af0f17f9343c09de0ba347dd72e44fb6d9783a9"}
,"/Users/marcsmith/MMProjects/109 PCBash/parse-bash/src/PCBash.js": {"path":"/Users/marcsmith/MMProjects/109 PCBash/parse-bash/src/PCBash.js","statementMap":{"0":{"start":{"line":2,"column":14},"end":{"line":2,"column":30}},"1":{"start":{"line":10,"column":13},"end":{"line":10,"column":22}},"2":{"start":{"line":12,"column":2},"end":{"line":14,"column":3}},"3":{"start":{"line":13,"column":3},"end":{"line":13,"column":31}},"4":{"start":{"line":16,"column":22},"end":{"line":16,"column":87}},"5":{"start":{"line":18,"column":18},"end":{"line":18,"column":47}},"6":{"start":{"line":20,"column":2},"end":{"line":20,"column":17}},"7":{"start":{"line":24,"column":2},"end":{"line":30,"column":3}},"8":{"start":{"line":25,"column":18},"end":{"line":25,"column":62}},"9":{"start":{"line":27,"column":3},"end":{"line":27,"column":24}},"10":{"start":{"line":29,"column":3},"end":{"line":29,"column":29}},"11":{"start":{"line":35,"column":2},"end":{"line":37,"column":3}},"12":{"start":{"line":36,"column":3},"end":{"line":36,"column":48}},"13":{"start":{"line":39,"column":22},"end":{"line":39,"column":115}},"14":{"start":{"line":41,"column":18},"end":{"line":41,"column":47}},"15":{"start":{"line":43,"column":2},"end":{"line":43,"column":17}},"16":{"start":{"line":47,"column":2},"end":{"line":51,"column":3}},"17":{"start":{"line":50,"column":3},"end":{"line":50,"column":45}},"18":{"start":{"line":53,"column":13},"end":{"line":53,"column":22}},"19":{"start":{"line":55,"column":2},"end":{"line":57,"column":3}},"20":{"start":{"line":56,"column":3},"end":{"line":56,"column":31}},"21":{"start":{"line":59,"column":2},"end":{"line":61,"column":3}},"22":{"start":{"line":60,"column":3},"end":{"line":60,"column":48}},"23":{"start":{"line":63,"column":21},"end":{"line":63,"column":37}},"24":{"start":{"line":64,"column":17},"end":{"line":64,"column":45}},"25":{"start":{"line":67,"column":22},"end":{"line":67,"column":181}},"26":{"start":{"line":69,"column":18},"end":{"line":69,"column":47}},"27":{"start":{"line":71,"column":2},"end":{"line":71,"column":17}},"28":{"start":{"line":74,"column":22},"end":{"line":74,"column":40}},"29":{"start":{"line":76,"column":18},"end":{"line":76,"column":65}},"30":{"start":{"line":78,"column":2},"end":{"line":78,"column":17}},"31":{"start":{"line":83,"column":2},"end":{"line":94,"column":3}},"32":{"start":{"line":93,"column":3},"end":{"line":93,"column":45}},"33":{"start":{"line":96,"column":22},"end":{"line":96,"column":37}},"34":{"start":{"line":98,"column":18},"end":{"line":98,"column":65}},"35":{"start":{"line":100,"column":2},"end":{"line":100,"column":17}},"36":{"start":{"line":104,"column":22},"end":{"line":104,"column":35}},"37":{"start":{"line":106,"column":2},"end":{"line":116,"column":3}},"38":{"start":{"line":107,"column":19},"end":{"line":107,"column":66}},"39":{"start":{"line":109,"column":3},"end":{"line":109,"column":18}},"40":{"start":{"line":111,"column":3},"end":{"line":113,"column":4}},"41":{"start":{"line":112,"column":4},"end":{"line":112,"column":16}},"42":{"start":{"line":115,"column":3},"end":{"line":115,"column":30}},"43":{"start":{"line":121,"column":2},"end":{"line":132,"column":3}},"44":{"start":{"line":131,"column":3},"end":{"line":131,"column":45}},"45":{"start":{"line":134,"column":22},"end":{"line":134,"column":34}},"46":{"start":{"line":136,"column":18},"end":{"line":136,"column":65}},"47":{"start":{"line":138,"column":2},"end":{"line":138,"column":17}},"48":{"start":{"line":142,"column":23},"end":{"line":142,"column":68}},"49":{"start":{"line":144,"column":2},"end":{"line":146,"column":3}},"50":{"start":{"line":145,"column":3},"end":{"line":145,"column":15}},"51":{"start":{"line":148,"column":2},"end":{"line":148,"column":15}},"52":{"start":{"line":153,"column":0},"end":{"line":153,"column":24}}},"fnMap":{"0":{"name":"(anonymous_0)","decl":{"start":{"line":5,"column":1},"end":{"line":5,"column":2}},"loc":{"start":{"line":5,"column":15},"end":{"line":7,"column":2}},"line":5},"1":{"name":"(anonymous_1)","decl":{"start":{"line":8,"column":1},"end":{"line":8,"column":2}},"loc":{"start":{"line":8,"column":47},"end":{"line":21,"column":2}},"line":8},"2":{"name":"(anonymous_2)","decl":{"start":{"line":23,"column":1},"end":{"line":23,"column":2}},"loc":{"start":{"line":23,"column":27},"end":{"line":31,"column":2}},"line":23},"3":{"name":"(anonymous_3)","decl":{"start":{"line":34,"column":1},"end":{"line":34,"column":2}},"loc":{"start":{"line":34,"column":45},"end":{"line":44,"column":2}},"line":34},"4":{"name":"(anonymous_4)","decl":{"start":{"line":46,"column":1},"end":{"line":46,"column":2}},"loc":{"start":{"line":46,"column":65},"end":{"line":72,"column":2}},"line":46},"5":{"name":"(anonymous_5)","decl":{"start":{"line":73,"column":1},"end":{"line":73,"column":2}},"loc":{"start":{"line":73,"column":53},"end":{"line":79,"column":2}},"line":73},"6":{"name":"(anonymous_6)","decl":{"start":{"line":81,"column":1},"end":{"line":81,"column":2}},"loc":{"start":{"line":81,"column":56},"end":{"line":101,"column":2}},"line":81},"7":{"name":"(anonymous_7)","decl":{"start":{"line":103,"column":1},"end":{"line":103,"column":2}},"loc":{"start":{"line":103,"column":47},"end":{"line":117,"column":2}},"line":103},"8":{"name":"(anonymous_8)","decl":{"start":{"line":119,"column":1},"end":{"line":119,"column":2}},"loc":{"start":{"line":119,"column":51},"end":{"line":139,"column":2}},"line":119},"9":{"name":"(anonymous_9)","decl":{"start":{"line":141,"column":1},"end":{"line":141,"column":2}},"loc":{"start":{"line":141,"column":63},"end":{"line":149,"column":2}},"line":141}},"branchMap":{"0":{"loc":{"start":{"line":12,"column":2},"end":{"line":14,"column":3}},"type":"if","locations":[{"start":{"line":12,"column":2},"end":{"line":14,"column":3}},{"start":{"line":12,"column":2},"end":{"line":14,"column":3}}],"line":12},"1":{"loc":{"start":{"line":35,"column":2},"end":{"line":37,"column":3}},"type":"if","locations":[{"start":{"line":35,"column":2},"end":{"line":37,"column":3}},{"start":{"line":35,"column":2},"end":{"line":37,"column":3}}],"line":35},"2":{"loc":{"start":{"line":35,"column":6},"end":{"line":35,"column":32}},"type":"binary-expr","locations":[{"start":{"line":35,"column":6},"end":{"line":35,"column":14}},{"start":{"line":35,"column":18},"end":{"line":35,"column":32}}],"line":35},"3":{"loc":{"start":{"line":47,"column":2},"end":{"line":51,"column":3}},"type":"if","locations":[{"start":{"line":47,"column":2},"end":{"line":51,"column":3}},{"start":{"line":47,"column":2},"end":{"line":51,"column":3}}],"line":47},"4":{"loc":{"start":{"line":47,"column":6},"end":{"line":48,"column":14}},"type":"binary-expr","locations":[{"start":{"line":47,"column":6},"end":{"line":47,"column":11}},{"start":{"line":48,"column":3},"end":{"line":48,"column":14}}],"line":47},"5":{"loc":{"start":{"line":55,"column":2},"end":{"line":57,"column":3}},"type":"if","locations":[{"start":{"line":55,"column":2},"end":{"line":57,"column":3}},{"start":{"line":55,"column":2},"end":{"line":57,"column":3}}],"line":55},"6":{"loc":{"start":{"line":59,"column":2},"end":{"line":61,"column":3}},"type":"if","locations":[{"start":{"line":59,"column":2},"end":{"line":61,"column":3}},{"start":{"line":59,"column":2},"end":{"line":61,"column":3}}],"line":59},"7":{"loc":{"start":{"line":59,"column":6},"end":{"line":59,"column":32}},"type":"binary-expr","locations":[{"start":{"line":59,"column":6},"end":{"line":59,"column":14}},{"start":{"line":59,"column":18},"end":{"line":59,"column":32}}],"line":59},"8":{"loc":{"start":{"line":83,"column":2},"end":{"line":94,"column":3}},"type":"if","locations":[{"start":{"line":83,"column":2},"end":{"line":94,"column":3}},{"start":{"line":83,"column":2},"end":{"line":94,"column":3}}],"line":83},"9":{"loc":{"start":{"line":83,"column":6},"end":{"line":91,"column":31}},"type":"binary-expr","locations":[{"start":{"line":83,"column":6},"end":{"line":83,"column":11}},{"start":{"line":84,"column":3},"end":{"line":84,"column":14}},{"start":{"line":85,"column":3},"end":{"line":85,"column":15}},{"start":{"line":86,"column":3},"end":{"line":86,"column":19}},{"start":{"line":87,"column":3},"end":{"line":87,"column":22}},{"start":{"line":88,"column":3},"end":{"line":88,"column":27}},{"start":{"line":89,"column":3},"end":{"line":89,"column":22}},{"start":{"line":90,"column":3},"end":{"line":90,"column":22}},{"start":{"line":91,"column":3},"end":{"line":91,"column":31}}],"line":83},"10":{"loc":{"start":{"line":111,"column":3},"end":{"line":113,"column":4}},"type":"if","locations":[{"start":{"line":111,"column":3},"end":{"line":113,"column":4}},{"start":{"line":111,"column":3},"end":{"line":113,"column":4}}],"line":111},"11":{"loc":{"start":{"line":121,"column":2},"end":{"line":132,"column":3}},"type":"if","locations":[{"start":{"line":121,"column":2},"end":{"line":132,"column":3}},{"start":{"line":121,"column":2},"end":{"line":132,"column":3}}],"line":121},"12":{"loc":{"start":{"line":121,"column":6},"end":{"line":129,"column":31}},"type":"binary-expr","locations":[{"start":{"line":121,"column":6},"end":{"line":121,"column":11}},{"start":{"line":122,"column":3},"end":{"line":122,"column":14}},{"start":{"line":123,"column":3},"end":{"line":123,"column":15}},{"start":{"line":124,"column":3},"end":{"line":124,"column":19}},{"start":{"line":125,"column":3},"end":{"line":125,"column":22}},{"start":{"line":126,"column":3},"end":{"line":126,"column":27}},{"start":{"line":127,"column":3},"end":{"line":127,"column":22}},{"start":{"line":128,"column":3},"end":{"line":128,"column":22}},{"start":{"line":129,"column":3},"end":{"line":129,"column":31}}],"line":121},"13":{"loc":{"start":{"line":144,"column":2},"end":{"line":146,"column":3}},"type":"if","locations":[{"start":{"line":144,"column":2},"end":{"line":146,"column":3}},{"start":{"line":144,"column":2},"end":{"line":146,"column":3}}],"line":144}},"s":{"0":7,"1":3,"2":3,"3":1,"4":3,"5":3,"6":3,"7":34,"8":34,"9":29,"10":5,"11":20,"12":9,"13":11,"14":11,"15":10,"16":8,"17":3,"18":5,"19":5,"20":2,"21":5,"22":2,"23":3,"24":3,"25":3,"26":3,"27":3,"28":1,"29":1,"30":1,"31":14,"32":10,"33":4,"34":4,"35":1,"36":9,"37":9,"38":9,"39":5,"40":4,"41":1,"42":3,"43":14,"44":10,"45":4,"46":4,"47":1,"48":5,"49":2,"50":1,"51":1,"52":7},"f":{"0":0,"1":3,"2":34,"3":20,"4":8,"5":1,"6":14,"7":9,"8":14,"9":5},"b":{"0":[1,2],"1":[9,11],"2":[20,11],"3":[3,5],"4":[8,5],"5":[2,3],"6":[2,3],"7":[5,3],"8":[10,4],"9":[14,11,11,10,9,7,7,5,4],"10":[1,3],"11":[10,4],"12":[14,11,11,10,9,7,7,5,4],"13":[1,1]},"_coverageSchema":"43e27e138ebf9cfc5966b082cf9a028302ed4184","hash":"6b769304aa1f215fd88be389599369534a71414f"}
}
