TN:
SF:/Users/marcsmith/MMProjects/109 PCBash/parse-bash/apiKeys.js
FN:1,(anonymous_0)
FNF:1
FNH:1
FNDA:1,(anonymous_0)
DA:1,1
DA:2,1
LF:2
LH:2
BRF:0
BRH:0
end_of_record
TN:
SF:/Users/marcsmith/MMProjects/109 PCBash/parse-bash/src/PCBash.js
FN:5,(anonymous_0)
FN:8,(anonymous_1)
FN:23,(anonymous_2)
FN:34,(anonymous_3)
FN:46,(anonymous_4)
FN:73,(anonymous_5)
FN:81,(anonymous_6)
FN:103,(anonymous_7)
FN:119,(anonymous_8)
FN:141,(anonymous_9)
FNF:10
FNH:9
FNDA:0,(anonymous_0)
FNDA:3,(anonymous_1)
FNDA:34,(anonymous_2)
FNDA:20,(anonymous_3)
FNDA:8,(anonymous_4)
FNDA:1,(anonymous_5)
FNDA:14,(anonymous_6)
FNDA:9,(anonymous_7)
FNDA:14,(anonymous_8)
FNDA:5,(anonymous_9)
DA:2,7
DA:10,3
DA:12,3
DA:13,1
DA:16,3
DA:18,3
DA:20,3
DA:24,34
DA:25,34
DA:27,29
DA:29,5
DA:35,20
DA:36,9
DA:39,11
DA:41,11
DA:43,10
DA:47,8
DA:50,3
DA:53,5
DA:55,5
DA:56,2
DA:59,5
DA:60,2
DA:63,3
DA:64,3
DA:67,3
DA:69,3
DA:71,3
DA:74,1
DA:76,1
DA:78,1
DA:83,14
DA:93,10
DA:96,4
DA:98,4
DA:100,1
DA:104,9
DA:106,9
DA:107,9
DA:109,5
DA:111,4
DA:112,1
DA:115,3
DA:121,14
DA:131,10
DA:134,4
DA:136,4
DA:138,1
DA:142,5
DA:144,2
DA:145,1
DA:148,1
DA:153,7
LF:53
LH:53
BRDA:12,0,0,1
BRDA:12,0,1,2
BRDA:35,1,0,9
BRDA:35,1,1,11
BRDA:35,2,0,20
BRDA:35,2,1,11
BRDA:47,3,0,3
BRDA:47,3,1,5
BRDA:47,4,0,8
BRDA:47,4,1,5
BRDA:55,5,0,2
BRDA:55,5,1,3
BRDA:59,6,0,2
BRDA:59,6,1,3
BRDA:59,7,0,5
BRDA:59,7,1,3
BRDA:83,8,0,10
BRDA:83,8,1,4
BRDA:83,9,0,14
BRDA:83,9,1,11
BRDA:83,9,2,11
BRDA:83,9,3,10
BRDA:83,9,4,9
BRDA:83,9,5,7
BRDA:83,9,6,7
BRDA:83,9,7,5
BRDA:83,9,8,4
BRDA:111,10,0,1
BRDA:111,10,1,3
BRDA:121,11,0,10
BRDA:121,11,1,4
BRDA:121,12,0,14
BRDA:121,12,1,11
BRDA:121,12,2,11
BRDA:121,12,3,10
BRDA:121,12,4,9
BRDA:121,12,5,7
BRDA:121,12,6,7
BRDA:121,12,7,5
BRDA:121,12,8,4
BRDA:144,13,0,1
BRDA:144,13,1,1
BRF:42
BRH:42
end_of_record
